2021-03-26 12:03:18.323  INFO 15556 --- [main] lavalink.server.Launcher                 : 

[32m       .  [31m _                  _ _       _    [32m__ _ _
[32m      /\\ [31m| | __ ___   ____ _| (_)_ __ | | __[32m\ \ \ \
[32m     ( ( )[31m| |/ _` \ \ / / _` | | | '_ \| |/ /[32m \ \ \ \
[32m      \\/ [31m| | (_| |\ V / (_| | | | | | |   < [32m  ) ) ) )
[32m       '  [31m|_|\__,_| \_/ \__,_|_|_|_| |_|_|\_\[32m / / / /
[0m    =========================================[32m/_/_/_/[0m

	Version:        3.3.2.3
	Build:          1176
	Build time:     28.12.2020 18:59:16 UTC
	Branch          master
	Commit:         68d398a
	Commit time:    28.12.2020 18:56:23 UTC
	JVM:            13.0.2
	Lavaplayer      1.3.65

2021-03-26 12:03:18.415  INFO 15556 --- [main] lavalink.server.Launcher                 : Starting Launcher on DESKTOP-QNVQHVR with PID 15556 (C:\Users\alone\Desktop\DollyBot\lavatest.jar started by alone in C:\Users\alone\Desktop\DollyBot)
2021-03-26 12:03:18.416  INFO 15556 --- [main] lavalink.server.Launcher                 : No active profile set, falling back to default profiles: default
2021-03-26 12:03:18.471  WARN 15556 --- [background-preinit] o.s.h.c.j.Jackson2ObjectMapperBuilder    : For Jackson Kotlin classes support please add "com.fasterxml.jackson.module:jackson-module-kotlin" to the classpath
2021-03-26 12:03:19.322  WARN 15556 --- [main] io.undertow.websockets.jsr               : UT026010: Buffer pool was not set on WebSocketDeploymentInfo, the default pool will be used
2021-03-26 12:03:19.342  INFO 15556 --- [main] io.undertow.servlet                      : Initializing Spring embedded WebApplicationContext
2021-03-26 12:03:19.342  INFO 15556 --- [main] o.s.web.context.ContextLoader            : Root WebApplicationContext: initialization completed in 893 ms
2021-03-26 12:03:19.597  WARN 15556 --- [main] l.server.config.SentryConfiguration      : Turning off sentry
2021-03-26 12:03:19.860  INFO 15556 --- [main] c.s.d.l.tools.GarbageCollectionMonitor   : GC monitoring enabled, reporting results every 2 minutes.
2021-03-26 12:03:20.073  INFO 15556 --- [main] lavalink.server.config.KoeConfiguration  : OS: Windows 10, Arch: amd64
2021-03-26 12:03:20.073  WARN 15556 --- [main] lavalink.server.config.KoeConfiguration  : This system and architecture appears to not support native audio sending! GC pauses may cause your bot to stutter during playback.
2021-03-26 12:03:20.259  INFO 15556 --- [main] o.s.s.concurrent.ThreadPoolTaskExecutor  : Initializing ExecutorService 'applicationTaskExecutor'
2021-03-26 12:03:20.468  INFO 15556 --- [main] org.xnio                                 : XNIO version 3.3.8.Final
2021-03-26 12:03:20.477  INFO 15556 --- [main] org.xnio.nio                             : XNIO NIO Implementation Version 3.3.8.Final
2021-03-26 12:03:20.519  INFO 15556 --- [main] o.s.b.w.e.u.UndertowServletWebServer     : Undertow started on port(s) 2333 (http) with context path ''
2021-03-26 12:03:20.522  INFO 15556 --- [main] lavalink.server.Launcher                 : Started Launcher in 2.558 seconds (JVM running for 2.927)
2021-03-26 12:03:20.523  INFO 15556 --- [main] lavalink.server.Launcher                 : You can safely ignore the big red warning about illegal reflection. See https://github.com/Frederikam/Lavalink/issues/295
2021-03-26 12:03:30.985  INFO 15556 --- [XNIO-1 task-1] io.undertow.servlet                      : Initializing Spring DispatcherServlet 'dispatcherServlet'
2021-03-26 12:03:30.986  INFO 15556 --- [XNIO-1 task-1] o.s.web.servlet.DispatcherServlet        : Initializing Servlet 'dispatcherServlet'
2021-03-26 12:03:30.992  INFO 15556 --- [XNIO-1 task-1] o.s.web.servlet.DispatcherServlet        : Completed initialization in 6 ms
2021-03-26 12:03:31.008  INFO 15556 --- [XNIO-1 task-1] l.server.io.HandshakeInterceptorImpl     : Incoming connection from /127.0.0.1:57666
2021-03-26 12:03:31.054  INFO 15556 --- [XNIO-1 task-1] lavalink.server.io.SocketServer          : Connection successfully established from /127.0.0.1:57666
2021-03-26 12:04:27.573  INFO 15556 --- [XNIO-1 task-2] l.server.player.AudioLoaderRestHandler   : Got request to load for identifier "ytsearch:despacito"
2021-03-26 12:04:27.805  INFO 15556 --- [XNIO-1 I/O-14] lavalink.server.io.SocketServer          : {"op": "voiceUpdate", "guildId": "520928379701297153", "sessionId": "e272e5b46ba16ba98fae1af1aec930f8", "event": {"token": "cbb03d2dc67b756d", "guild_id": "520928379701297153", "endpoint": "eu-central6582.discord.media:443"}}
2021-03-26 12:04:28.574  INFO 15556 --- [lava-daemon-pool-info-loader-2-thread-1] lavalink.server.player.AudioLoader       : Loaded playlist Search results for: despacito
